<?xml version="1.0" encoding="UTF-8"?>
<!-- Generated by org.testng.reporters.JUnitReportReporter -->
<testsuite skipped="0" hostname="LAPTOP-RUTB88SV" name="com.buffalocart.test.ResetPasswordPageTest" tests="1" failures="0" timestamp="2022-04-29T17:14:10 IST" time="35.004" errors="0">
  <testcase name="verify_Error_Message_Displayed_On_Reset_Password_Page_With_Invalid_Email_Id" time="35.004" classname="com.buffalocart.test.ResetPasswordPageTest"/>
  <system-out/>
</testsuite> <!-- com.buffalocart.test.ResetPasswordPageTest -->
