<?xml version="1.0" encoding="UTF-8"?>
<!-- Generated by org.testng.reporters.JUnitReportReporter -->
<testsuite skipped="0" hostname="LAPTOP-RUTB88SV" name="com.buffalocart.test.MyAccountPageTest" tests="2" failures="0" timestamp="2022-04-29T17:14:10 IST" time="68.780" errors="0">
  <testcase name="verify_Home_Page_Title" time="37.253" classname="com.buffalocart.test.MyAccountPageTest"/>
  <system-out/>
  <testcase name="verify_Date_Displayed_In_Home_Page" time="31.527" classname="com.buffalocart.test.MyAccountPageTest"/>
  <system-out/>
</testsuite> <!-- com.buffalocart.test.MyAccountPageTest -->
