<?xml version="1.0" encoding="UTF-8"?>
<!-- Generated by org.testng.reporters.JUnitReportReporter -->
<testsuite skipped="0" hostname="LAPTOP-RUTB88SV" name="com.buffalocart.test.LoginPageTest" tests="6" failures="0" timestamp="2022-04-29T17:14:10 IST" time="189.253" errors="0">
  <testcase name="verify_Login_Page_Title" time="33.521" classname="com.buffalocart.test.LoginPageTest"/>
  <system-out/>
  <testcase name="verify_User_Login_With_Valid_User_Credentials" time="28.721" classname="com.buffalocart.test.LoginPageTest"/>
  <system-out/>
  <testcase name="verify_The_Error_Message_Displayed_For_User_Login_With_Invalid_Credentials" time="42.051" classname="com.buffalocart.test.LoginPageTest"/>
  <system-out/>
  <testcase name="verify_The_Error_Message_Displayed_For_User_Login_With_Invalid_Credentials" time="33.952" classname="com.buffalocart.test.LoginPageTest"/>
  <system-out/>
  <testcase name="verify_The_Error_Message_Displayed_For_User_Login_With_Invalid_Credentials" time="27.510" classname="com.buffalocart.test.LoginPageTest"/>
  <system-out/>
  <testcase name="verify_Whether_The_User_Is_Able_To_Click_On_Remember_Me_Checkbox" time="23.498" classname="com.buffalocart.test.LoginPageTest"/>
  <system-out/>
</testsuite> <!-- com.buffalocart.test.LoginPageTest -->
