<?xml version="1.0" encoding="UTF-8"?>
<!-- Generated by org.testng.reporters.JUnitReportReporter -->
<testsuite skipped="0" hostname="LAPTOP-RUTB88SV" name="com.buffalocart.test.SignOutPageTest" tests="1" failures="0" timestamp="2022-04-29T17:14:10 IST" time="31.616" errors="0">
  <testcase name="verify_Whether_User_Is_Navigating_To_Login_Page_By_Clicking_On_Sign_Out_Button" time="31.616" classname="com.buffalocart.test.SignOutPageTest"/>
  <system-out/>
</testsuite> <!-- com.buffalocart.test.SignOutPageTest -->
